This is pdfTeX, Version 3.141592653-2.6-1.40.24 (TeX Live 2022) (preloaded format=pdflatex 2023.3.8)  18 MAR 2023 23:32
entering extended mode
 restricted \write18 enabled.
 file:line:error style messages enabled.
 %&-line parsing enabled.
**d:/acads/MS_materials/ECE269/MiniPR3_face-recog/report/report
(d:/acads/MS_materials/ECE269/MiniPR3_face-recog/report/report.tex
LaTeX2e <2022-11-01> patch level 1
L3 programming layer <2023-02-22> (c:/texlive/2022/texmf-dist/tex/latex/base/article.cls
Document Class: article 2022/07/02 v1.4n Standard LaTeX document class
(c:/texlive/2022/texmf-dist/tex/latex/base/size11.clo
File: size11.clo 2022/07/02 v1.4n Standard LaTeX file (size option)
)
\c@part=\count185
\c@section=\count186
\c@subsection=\count187
\c@subsubsection=\count188
\c@paragraph=\count189
\c@subparagraph=\count190
\c@figure=\count191
\c@table=\count192
\abovecaptionskip=\skip48
\belowcaptionskip=\skip49
\bibindent=\dimen140
) (c:/texlive/2022/texmf-dist/tex/latex/graphics/graphicx.sty
Package: graphicx 2021/09/16 v1.2d Enhanced LaTeX Graphics (DPC,SPQR)
 (c:/texlive/2022/texmf-dist/tex/latex/graphics/keyval.sty
Package: keyval 2022/05/29 v1.15 key=value parser (DPC)
\KV@toks@=\toks16
) (c:/texlive/2022/texmf-dist/tex/latex/graphics/graphics.sty
Package: graphics 2022/03/10 v1.4e Standard LaTeX Graphics (DPC,SPQR)
 (c:/texlive/2022/texmf-dist/tex/latex/graphics/trig.sty
Package: trig 2021/08/11 v1.11 sin cos tan (DPC)
) (c:/texlive/2022/texmf-dist/tex/latex/graphics-cfg/graphics.cfg
File: graphics.cfg 2016/06/04 v1.11 sample graphics configuration
)
Package graphics Info: Driver file: pdftex.def on input line 107.
 (c:/texlive/2022/texmf-dist/tex/latex/graphics-def/pdftex.def
File: pdftex.def 2022/09/22 v1.2b Graphics/color driver for pdftex
))
\Gin@req@height=\dimen141
\Gin@req@width=\dimen142
) (c:/texlive/2022/texmf-dist/tex/latex/fancybox/fancybox.sty
Package: fancybox 2010/05/15 1.4

Style option: `fancybox' v1.4 <2010/05/15> (tvz)
\@fancybox=\box51
\shadowsize=\dimen143
\@Sbox=\box52
\do@VerbBox=\toks17
\the@fancyput=\toks18
\this@fancyput=\toks19
\EndVerbatimTokens=\toks20
\Verbatim@Outfile=\write3
\Verbatim@Infile=\read2
) (c:/texlive/2022/texmf-dist/tex/latex/base/inputenc.sty
Package: inputenc 2021/02/14 v1.3d Input encoding file
\inpenc@prehook=\toks21
\inpenc@posthook=\toks22
) (c:/texlive/2022/texmf-dist/tex/latex/graphics/epsfig.sty
Package: epsfig 2017/06/25 v1.7b (e)psfig emulation (SPQR)
\epsfxsize=\dimen144
\epsfysize=\dimen145
) (c:/texlive/2022/texmf-dist/tex/latex/tools/multicol.sty
Package: multicol 2021/11/30 v1.9d multicolumn formatting (FMi)
\c@tracingmulticols=\count193
\mult@box=\box53
\multicol@leftmargin=\dimen146
\c@unbalance=\count194
\c@collectmore=\count195
\doublecol@number=\count196
\multicoltolerance=\count197
\multicolpretolerance=\count198
\full@width=\dimen147
\page@free=\dimen148
\premulticols=\dimen149
\postmulticols=\dimen150
\multicolsep=\skip50
\multicolbaselineskip=\skip51
\partial@page=\box54
\last@line=\box55
\maxbalancingoverflow=\dimen151
\mult@rightbox=\box56
\mult@grightbox=\box57
\mult@firstbox=\box58
\mult@gfirstbox=\box59
\@tempa=\box60
\@tempa=\box61
\@tempa=\box62
\@tempa=\box63
\@tempa=\box64
\@tempa=\box65
\@tempa=\box66
\@tempa=\box67
\@tempa=\box68
\@tempa=\box69
\@tempa=\box70
\@tempa=\box71
\@tempa=\box72
\@tempa=\box73
\@tempa=\box74
\@tempa=\box75
\@tempa=\box76
\@tempa=\box77
\@tempa=\box78
\@tempa=\box79
\@tempa=\box80
\@tempa=\box81
\@tempa=\box82
\@tempa=\box83
\@tempa=\box84
\@tempa=\box85
\@tempa=\box86
\@tempa=\box87
\@tempa=\box88
\@tempa=\box89
\@tempa=\box90
\@tempa=\box91
\@tempa=\box92
\@tempa=\box93
\@tempa=\box94
\@tempa=\box95
\c@minrows=\count199
\c@columnbadness=\count266
\c@finalcolumnbadness=\count267
\last@try=\dimen152
\multicolovershoot=\dimen153
\multicolundershoot=\dimen154
\mult@nat@firstbox=\box96
\colbreak@box=\box97
\mc@col@check@num=\count268
) (c:/texlive/2022/texmf-dist/tex/latex/pst-plot/pst-plot.sty
Package: pst-plot 2011/06/05 v1.00 LaTeX wrapper for `pst-plot' (HV)
 (c:/texlive/2022/texmf-dist/tex/latex/pstricks/pstricks.sty
Package: pstricks 2022/19/23 v0.72 LaTeX wrapper for `PSTricks' (RN,HV)
 (c:/texlive/2022/texmf-dist/tex/generic/iftex/iftex.sty
Package: iftex 2022/02/03 v1.0f TeX engine tests
) (c:/texlive/2022/texmf-dist/tex/latex/xcolor/xcolor.sty
Package: xcolor 2022/06/12 v2.14 LaTeX color extensions (UK)
 (c:/texlive/2022/texmf-dist/tex/latex/graphics-cfg/color.cfg
File: color.cfg 2016/01/02 v1.6 sample color configuration
)
Package xcolor Info: Driver file: pdftex.def on input line 227.
 (c:/texlive/2022/texmf-dist/tex/latex/graphics/mathcolor.ltx)
Package xcolor Info: Model `cmy' substituted by `cmy0' on input line 1353.
Package xcolor Info: Model `hsb' substituted by `rgb' on input line 1357.
Package xcolor Info: Model `RGB' extended on input line 1369.
Package xcolor Info: Model `HTML' substituted by `rgb' on input line 1371.
Package xcolor Info: Model `Hsb' substituted by `hsb' on input line 1372.
Package xcolor Info: Model `tHsb' substituted by `hsb' on input line 1373.
Package xcolor Info: Model `HSB' substituted by `hsb' on input line 1374.
Package xcolor Info: Model `Gray' substituted by `gray' on input line 1375.
Package xcolor Info: Model `wave' substituted by `hsb' on input line 1376.
) (c:/texlive/2022/texmf-dist/tex/generic/xkeyval/pst-xkey.tex
File: pst-xkey.tex 2005/11/25 v1.6 PSTricks specialization of xkeyval (HA)
 (c:/texlive/2022/texmf-dist/tex/latex/xkeyval/xkeyval.sty
Package: xkeyval 2022/06/16 v2.9 package option processing (HA)
 (c:/texlive/2022/texmf-dist/tex/generic/xkeyval/xkeyval.tex (c:/texlive/2022/texmf-dist/tex/generic/xkeyval/xkvutils.tex
\XKV@toks=\toks23
\XKV@tempa@toks=\toks24
)
\XKV@depth=\count269
File: xkeyval.tex 2014/12/03 v2.7a key=value parser (HA)
))) (c:/texlive/2022/texmf-dist/tex/generic/pstricks/pstricks.tex (c:/texlive/2022/texmf-dist/tex/generic/pstricks/pst-fp.tex `pst-fp' v0.06, 2020/11/20 (hv)
\pstFP@xs=\count270
\pstFP@xia=\count271
\pstFP@xib=\count272
\pstFP@xfa=\count273
\pstFP@xfb=\count274
\pstFP@rega=\count275
\pstFP@regb=\count276
\pstFP@regs=\count277
\pstFP@times=\count278
) (c:/texlive/2022/texmf-dist/tex/latex/pgf/utilities/pgffor.sty (c:/texlive/2022/texmf-dist/tex/latex/pgf/utilities/pgfrcs.sty (c:/texlive/2022/texmf-dist/tex/generic/pgf/utilities/pgfutil-common.tex
\pgfutil@everybye=\toks25
\pgfutil@tempdima=\dimen155
\pgfutil@tempdimb=\dimen156
) (c:/texlive/2022/texmf-dist/tex/generic/pgf/utilities/pgfutil-latex.def
\pgfutil@abb=\box98
) (c:/texlive/2022/texmf-dist/tex/generic/pgf/utilities/pgfrcs.code.tex (c:/texlive/2022/texmf-dist/tex/generic/pgf/pgf.revision.tex)
Package: pgfrcs 2023-01-15 v3.1.10 (3.1.10)
)) (c:/texlive/2022/texmf-dist/tex/latex/pgf/utilities/pgfkeys.sty (c:/texlive/2022/texmf-dist/tex/generic/pgf/utilities/pgfkeys.code.tex
\pgfkeys@pathtoks=\toks26
\pgfkeys@temptoks=\toks27
 (c:/texlive/2022/texmf-dist/tex/generic/pgf/utilities/pgfkeyslibraryfiltered.code.tex
\pgfkeys@tmptoks=\toks28
))) (c:/texlive/2022/texmf-dist/tex/latex/pgf/math/pgfmath.sty (c:/texlive/2022/texmf-dist/tex/generic/pgf/math/pgfmath.code.tex (c:/texlive/2022/texmf-dist/tex/generic/pgf/math/pgfmathutil.code.tex
\pgf@x=\dimen157
\pgf@xa=\dimen158
\pgf@xb=\dimen159
\pgf@xc=\dimen160
\pgf@y=\dimen161
\pgf@ya=\dimen162
\pgf@yb=\dimen163
\pgf@yc=\dimen164
\c@pgf@counta=\count279
\c@pgf@countb=\count280
\c@pgf@countc=\count281
\c@pgf@countd=\count282
) (c:/texlive/2022/texmf-dist/tex/generic/pgf/math/pgfmathparser.code.tex
\pgfmath@dimen=\dimen165
\pgfmath@count=\count283
\pgfmath@box=\box99
\pgfmath@toks=\toks29
\pgfmath@stack@operand=\toks30
\pgfmath@stack@operation=\toks31
) (c:/texlive/2022/texmf-dist/tex/generic/pgf/math/pgfmathfunctions.code.tex) (c:/texlive/2022/texmf-dist/tex/generic/pgf/math/pgfmathfunctions.basic.code.tex) (c:/texlive/2022/texmf-dist/tex/generic/pgf/math/pgfmathfunctions.trigonometric.code.tex) (c:/texlive/2022/texmf-dist/tex/generic/pgf/math/pgfmathfunctions.random.code.tex) (c:/texlive/2022/texmf-dist/tex/generic/pgf/math/pgfmathfunctions.comparison.code.tex) (c:/texlive/2022/texmf-dist/tex/generic/pgf/math/pgfmathfunctions.base.code.tex) (c:/texlive/2022/texmf-dist/tex/generic/pgf/math/pgfmathfunctions.round.code.tex) (c:/texlive/2022/texmf-dist/tex/generic/pgf/math/pgfmathfunctions.misc.code.tex) (c:/texlive/2022/texmf-dist/tex/generic/pgf/math/pgfmathfunctions.integerarithmetics.code.tex) (c:/texlive/2022/texmf-dist/tex/generic/pgf/math/pgfmathcalc.code.tex) (c:/texlive/2022/texmf-dist/tex/generic/pgf/math/pgfmathfloat.code.tex
\c@pgfmathroundto@lastzeros=\count284
))) (c:/texlive/2022/texmf-dist/tex/generic/pgf/utilities/pgffor.code.tex
Package: pgffor 2023-01-15 v3.1.10 (3.1.10)
\pgffor@iter=\dimen166
\pgffor@skip=\dimen167
\pgffor@stack=\toks32
\pgffor@toks=\toks33
))
\psLoopIndex=\count285

`PSTricks' v3.18  <2022/11/28> (tvz,hv)
\pst@dima=\dimen168
\pst@dimb=\dimen169
\pst@dimc=\dimen170
\pst@dimd=\dimen171
\pst@dimg=\dimen172
\pst@dimh=\dimen173
\pst@dimm=\dimen174
\pst@dimn=\dimen175
\pst@dimo=\dimen176
\pst@dimp=\dimen177
\pst@hbox=\box100
\pst@ibox=\box101
\pst@boxg=\box102
\pst@cnta=\count286
\pst@cntb=\count287
\pst@cntc=\count288
\pst@cntd=\count289
\pst@cntg=\count290
\pst@cnth=\count291
\pst@cntm=\count292
\pst@cntn=\count293
\pst@cnto=\count294
\pst@cntp=\count295
\@zero=\count296
\pst@toks=\toks34
--- We are running latex or xelatex ---
(c:/texlive/2022/texmf-dist/tex/generic/pstricks/pstricks.con) (c:/texlive/2022/texmf-dist/tex/generic/pstricks/pstricks-color.tex)
\psunit=\dimen178
\psxunit=\dimen179
\psyunit=\dimen180
\pst@C@@rType=\count297
\pslinewidth=\dimen181
\psk@startLW=\dimen182
\psk@endLW=\dimen183
 (c:/texlive/2022/texmf-dist/tex/generic/pstricks/pstricks-arrows.tex
\pshooklength=\dimen184
\pshookwidth=\dimen185
)
\pst@customdefs=\toks35
 (c:/texlive/2022/texmf-dist/tex/generic/pstricks/pstricks-dots.tex)
\pslinearc=\dimen186
\pst@symbolStep=\dimen187
\pst@symbolWidth=\dimen188
\pst@symbolLinewidth=\dimen189
\everypsbox=\toks36
\psframesep=\dimen190
\pslabelsep=\dimen191
\sh@wgridXunit=\dimen192
\sh@wgridYunit=\dimen193
\pst@shift=\dimen194
\ps@imagectr=\count298
 (c:/texlive/2022/texmf-dist/tex/generic/pstricks/pstricks.con))
File: pstricks.tex 2022/11/28 v3.18 `PSTricks' (tvz,hv)
 (c:/texlive/2022/texmf-dist/tex/generic/pstricks/pst-fp.tex `pst-fp' v0.06, 2020/11/20 (hv))
File: pst-fp.tex 2020/11/20 v0.06 `PST-fp' (hv)
) (c:/texlive/2022/texmf-dist/tex/latex/xkeyval/pst-xkey.sty
Package: pst-xkey 2005/11/25 v1.6 package wrapper for pst-xkey.tex (HA)
) (c:/texlive/2022/texmf-dist/tex/latex/multido/multido.sty
Package: multido 2004/05/17 package wrapper for PSTricks `multido.tex', (HV/RN)
 (c:/texlive/2022/texmf-dist/tex/generic/multido/multido.tex  v1.42, 2010/05/14 <tvz>
\multido@count=\count299
\multidocount=\count300
\multido@stuff=\toks37
)
File: multido.tex 2010/05/14 v1.42 `multido' (tvz,hv)
)
Package: pst-plot 2021/09/23 package wrapper for pst-plot.tex (hv)
 (c:/texlive/2022/texmf-dist/tex/generic/pst-plot/pst-plot.tex (c:/texlive/2022/texmf-dist/tex/generic/pst-tools/pst-tools.tex `PST-tools' v0.12, 2021/09/23 (hv)
\randomi=\count301
\ranval=\count302
) (c:/texlive/2022/texmf-dist/tex/generic/pstricks-add/pstricks-add.tex (c:/texlive/2022/texmf-dist/tex/generic/pst-node/pst-node.tex  v1.43, 2022/01/31
\psrow=\count303
\pscol=\count304
\psmatrixcnt=\count305
\psrowsep=\skip52
\pscolsep=\skip53
\pst@args=\count306
\num@pts=\count307
\pst@argcnt=\count308
) (c:/texlive/2022/texmf-dist/tex/generic/pst-arrow/pst-arrow.tex `pst-arrow' v0.05, 2021/11/16 (dr,hv)) (c:/texlive/2022/texmf-dist/tex/generic/pst-3d/pst-3d.tex `PST-3d' v1.11, 2010/02/14 (tvz)) (c:/texlive/2022/texmf-dist/tex/generic/pst-math/pst-math.tex `pst-math' v0.66 , (CJ,hv)) `pstricks-add' v3.93, 2022/11/21 (dr,hv)
\psparallelogramsep=\dimen195
\pst@cntC=\count309
\pst@stepcount=\count310
\chart@ColorIndex=\dimen196
\chart@ColorStep=\dimen197
\pst@chartHeight=\dimen198
\pst@chartStackDepth=\dimen199
\pst@chartStackWidth=\dimen256
\chart@Toggle=\count311
\psVectorCtr=\count312
)  v1.94, 2022/11/21 (tvz,hv)
\pstRadUnit=\dimen257
\pstRadUnitInv=\dimen258
\pst@linecnt=\count313
\RCD@file=\read3
\psxlabelsep=\dimen259
\psylabelsep=\dimen260
\psk@subticksize=\dimen261
\pst@xticksizeA=\dimen262
\pst@xticksizeB=\dimen263
\pst@xticksizeC=\dimen264
\pst@yticksizeA=\dimen265
\pst@yticksizeB=\dimen266
\pst@yticksizeC=\dimen267
\@digitcounter=\count314
\psk@llx=\dimen268
\psk@lly=\dimen269
\psk@urx=\dimen270
\psk@ury=\dimen271
\pst@xunit=\dimen272
\pst@yunit=\dimen273
)
File: pst-plot.tex 2022/11/21 1.94 `pst-plot' (tvz,hv)
) (c:/texlive/2022/texmf-dist/tex/latex/amsmath/amsmath.sty
Package: amsmath 2022/04/08 v2.17n AMS math features
\@mathmargin=\skip54

For additional information on amsmath, use the `?' option.
(c:/texlive/2022/texmf-dist/tex/latex/amsmath/amstext.sty
Package: amstext 2021/08/26 v2.01 AMS text
 (c:/texlive/2022/texmf-dist/tex/latex/amsmath/amsgen.sty
File: amsgen.sty 1999/11/30 v2.0 generic functions
\@emptytoks=\toks38
\ex@=\dimen274
)) (c:/texlive/2022/texmf-dist/tex/latex/amsmath/amsbsy.sty
Package: amsbsy 1999/11/29 v1.2d Bold Symbols
\pmbraise@=\dimen275
) (c:/texlive/2022/texmf-dist/tex/latex/amsmath/amsopn.sty
Package: amsopn 2022/04/08 v2.04 operator names
)
\inf@bad=\count315
LaTeX Info: Redefining \frac on input line 234.
\uproot@=\count316
\leftroot@=\count317
LaTeX Info: Redefining \overline on input line 399.
LaTeX Info: Redefining \colon on input line 410.
\classnum@=\count318
\DOTSCASE@=\count319
LaTeX Info: Redefining \ldots on input line 496.
LaTeX Info: Redefining \dots on input line 499.
LaTeX Info: Redefining \cdots on input line 620.
\Mathstrutbox@=\box103
\strutbox@=\box104
LaTeX Info: Redefining \big on input line 722.
LaTeX Info: Redefining \Big on input line 723.
LaTeX Info: Redefining \bigg on input line 724.
LaTeX Info: Redefining \Bigg on input line 725.
\big@size=\dimen276
LaTeX Font Info:    Redeclaring font encoding OML on input line 743.
LaTeX Font Info:    Redeclaring font encoding OMS on input line 744.
\macc@depth=\count320
LaTeX Info: Redefining \bmod on input line 905.
LaTeX Info: Redefining \pmod on input line 910.
LaTeX Info: Redefining \smash on input line 940.
LaTeX Info: Redefining \relbar on input line 970.
LaTeX Info: Redefining \Relbar on input line 971.
\c@MaxMatrixCols=\count321
\dotsspace@=\muskip16
\c@parentequation=\count322
\dspbrk@lvl=\count323
\tag@help=\toks39
\row@=\count324
\column@=\count325
\maxfields@=\count326
\andhelp@=\toks40
\eqnshift@=\dimen277
\alignsep@=\dimen278
\tagshift@=\dimen279
\tagwidth@=\dimen280
\totwidth@=\dimen281
\lineht@=\dimen282
\@envbody=\toks41
\multlinegap=\skip55
\multlinetaggap=\skip56
\mathdisplay@stack=\toks42
LaTeX Info: Redefining \[ on input line 2953.
LaTeX Info: Redefining \] on input line 2954.
) (c:/texlive/2022/texmf-dist/tex/latex/amsfonts/amsfonts.sty
Package: amsfonts 2013/01/14 v3.01 Basic AMSFonts support
\symAMSa=\mathgroup4
\symAMSb=\mathgroup5
LaTeX Font Info:    Redeclaring math symbol \hbar on input line 98.
LaTeX Font Info:    Overwriting math alphabet `\mathfrak' in version `bold'
(Font)                  U/euf/m/n --> U/euf/b/n on input line 106.
) (c:/texlive/2022/texmf-dist/tex/latex/amsfonts/amssymb.sty
Package: amssymb 2013/01/14 v3.01 AMS font symbols
) (c:/texlive/2022/texmf-dist/tex/latex/amsfonts/eucal.sty
Package: eucal 2009/06/22 v3.00 Euler Script fonts
LaTeX Font Info:    Overwriting math alphabet `\EuScript' in version `bold'
(Font)                  U/eus/m/n --> U/eus/b/n on input line 33.
) (c:/texlive/2022/texmf-dist/tex/latex/subfigure/subfigure.sty
Package: subfigure 2002/03/15 v2.1.5 subfigure package
\subfigtopskip=\skip57
\subfigcapskip=\skip58
\subfigcaptopadj=\dimen283
\subfigbottomskip=\skip59
\subfigcapmargin=\dimen284
\subfiglabelskip=\skip60
\c@subfigure=\count327
\c@lofdepth=\count328
\c@subtable=\count329
\c@lotdepth=\count330

****************************************
* Local config file subfigure.cfg used *
****************************************
(c:/texlive/2022/texmf-dist/tex/latex/subfigure/subfigure.cfg)
\subfig@top=\skip61
\subfig@bottom=\skip62
) (c:/texlive/2022/texmf-dist/tex/latex/enumitem/enumitem.sty
Package: enumitem 2019/06/20 v3.9 Customized lists
\labelindent=\skip63
\enit@outerparindent=\dimen285
\enit@toks=\toks43
\enit@inbox=\box105
\enit@count@id=\count331
\enitdp@description=\count332
) (c:/texlive/2022/texmf-dist/tex/latex/hyperref/hyperref.sty
Package: hyperref 2023-02-07 v7.00v Hypertext links for LaTeX
 (c:/texlive/2022/texmf-dist/tex/generic/ltxcmds/ltxcmds.sty
Package: ltxcmds 2020-05-10 v1.25 LaTeX kernel commands for general use (HO)
) (c:/texlive/2022/texmf-dist/tex/generic/pdftexcmds/pdftexcmds.sty
Package: pdftexcmds 2020-06-27 v0.33 Utility functions of pdfTeX for LuaTeX (HO)
 (c:/texlive/2022/texmf-dist/tex/generic/infwarerr/infwarerr.sty
Package: infwarerr 2019/12/03 v1.5 Providing info/warning/error messages (HO)
)
Package pdftexcmds Info: \pdf@primitive is available.
Package pdftexcmds Info: \pdf@ifprimitive is available.
Package pdftexcmds Info: \pdfdraftmode found.
) (c:/texlive/2022/texmf-dist/tex/latex/kvsetkeys/kvsetkeys.sty
Package: kvsetkeys 2022-10-05 v1.19 Key value parser (HO)
) (c:/texlive/2022/texmf-dist/tex/generic/kvdefinekeys/kvdefinekeys.sty
Package: kvdefinekeys 2019-12-19 v1.6 Define keys (HO)
) (c:/texlive/2022/texmf-dist/tex/generic/pdfescape/pdfescape.sty
Package: pdfescape 2019/12/09 v1.15 Implements pdfTeX's escape features (HO)
) (c:/texlive/2022/texmf-dist/tex/latex/hycolor/hycolor.sty
Package: hycolor 2020-01-27 v1.10 Color options for hyperref/bookmark (HO)
) (c:/texlive/2022/texmf-dist/tex/latex/letltxmacro/letltxmacro.sty
Package: letltxmacro 2019/12/03 v1.6 Let assignment for LaTeX macros (HO)
) (c:/texlive/2022/texmf-dist/tex/latex/auxhook/auxhook.sty
Package: auxhook 2019-12-17 v1.6 Hooks for auxiliary files (HO)
) (c:/texlive/2022/texmf-dist/tex/latex/hyperref/nameref.sty
Package: nameref 2022-05-17 v2.50 Cross-referencing by name of section
 (c:/texlive/2022/texmf-dist/tex/latex/refcount/refcount.sty
Package: refcount 2019/12/15 v3.6 Data extraction from label references (HO)
) (c:/texlive/2022/texmf-dist/tex/generic/gettitlestring/gettitlestring.sty
Package: gettitlestring 2019/12/15 v1.6 Cleanup title references (HO)
 (c:/texlive/2022/texmf-dist/tex/latex/kvoptions/kvoptions.sty
Package: kvoptions 2022-06-15 v3.15 Key value format for package options (HO)
))
\c@section@level=\count333
)
\@linkdim=\dimen286
\Hy@linkcounter=\count334
\Hy@pagecounter=\count335
 (c:/texlive/2022/texmf-dist/tex/latex/hyperref/pd1enc.def
File: pd1enc.def 2023-02-07 v7.00v Hyperref: PDFDocEncoding definition (HO)
Now handling font encoding PD1 ...
... no UTF-8 mapping file for font encoding PD1
) (c:/texlive/2022/texmf-dist/tex/generic/intcalc/intcalc.sty
Package: intcalc 2019/12/15 v1.3 Expandable calculations with integers (HO)
) (c:/texlive/2022/texmf-dist/tex/generic/etexcmds/etexcmds.sty
Package: etexcmds 2019/12/15 v1.7 Avoid name clashes with e-TeX commands (HO)
)
\Hy@SavedSpaceFactor=\count336
 (c:/texlive/2022/texmf-dist/tex/latex/hyperref/puenc.def
File: puenc.def 2023-02-07 v7.00v Hyperref: PDF Unicode definition (HO)
Now handling font encoding PU ...
... no UTF-8 mapping file for font encoding PU
)
Package hyperref Info: Hyper figures OFF on input line 4177.
Package hyperref Info: Link nesting OFF on input line 4182.
Package hyperref Info: Hyper index ON on input line 4185.
Package hyperref Info: Plain pages OFF on input line 4192.
Package hyperref Info: Backreferencing OFF on input line 4197.
Package hyperref Info: Implicit mode ON; LaTeX internals redefined.
Package hyperref Info: Bookmarks ON on input line 4425.
\c@Hy@tempcnt=\count337
 (c:/texlive/2022/texmf-dist/tex/latex/url/url.sty
\Urlmuskip=\muskip17
Package: url 2013/09/16  ver 3.4  Verb mode for urls, etc.
)
LaTeX Info: Redefining \url on input line 4763.
\XeTeXLinkMargin=\dimen287
 (c:/texlive/2022/texmf-dist/tex/generic/bitset/bitset.sty
Package: bitset 2019/12/09 v1.3 Handle bit-vector datatype (HO)
 (c:/texlive/2022/texmf-dist/tex/generic/bigintcalc/bigintcalc.sty
Package: bigintcalc 2019/12/15 v1.5 Expandable calculations on big integers (HO)
))
\Fld@menulength=\count338
\Field@Width=\dimen288
\Fld@charsize=\dimen289
Package hyperref Info: Hyper figures OFF on input line 6042.
Package hyperref Info: Link nesting OFF on input line 6047.
Package hyperref Info: Hyper index ON on input line 6050.
Package hyperref Info: backreferencing OFF on input line 6057.
Package hyperref Info: Link coloring OFF on input line 6062.
Package hyperref Info: Link coloring with OCG OFF on input line 6067.
Package hyperref Info: PDF/A mode OFF on input line 6072.
 (c:/texlive/2022/texmf-dist/tex/latex/base/atbegshi-ltx.sty
Package: atbegshi-ltx 2021/01/10 v1.0c Emulation of the original atbegshi
package with kernel methods
)
\Hy@abspage=\count339
\c@Item=\count340
\c@Hfootnote=\count341
)
Package hyperref Info: Driver (autodetected): hpdftex.
 (c:/texlive/2022/texmf-dist/tex/latex/hyperref/hpdftex.def
File: hpdftex.def 2023-02-07 v7.00v Hyperref driver for pdfTeX
 (c:/texlive/2022/texmf-dist/tex/latex/base/atveryend-ltx.sty
Package: atveryend-ltx 2020/08/19 v1.0a Emulation of the original atveryend package
with kernel methods
)
\Fld@listcount=\count342
\c@bookmark@seq@number=\count343
 (c:/texlive/2022/texmf-dist/tex/latex/rerunfilecheck/rerunfilecheck.sty
Package: rerunfilecheck 2022-07-10 v1.10 Rerun checks for auxiliary files (HO)
 (c:/texlive/2022/texmf-dist/tex/generic/uniquecounter/uniquecounter.sty
Package: uniquecounter 2019/12/15 v1.4 Provide unlimited unique counter (HO)
)
Package uniquecounter Info: New unique counter `rerunfilecheck' on input line 285.
)
\Hy@SectionHShift=\skip64
) (c:/texlive/2022/texmf-dist/tex/latex/geometry/geometry.sty
Package: geometry 2020/01/02 v5.9 Page Geometry
 (c:/texlive/2022/texmf-dist/tex/generic/iftex/ifvtex.sty
Package: ifvtex 2019/10/25 v1.7 ifvtex legacy package. Use iftex instead.
)
\Gm@cnth=\count344
\Gm@cntv=\count345
\c@Gm@tempcnt=\count346
\Gm@bindingoffset=\dimen290
\Gm@wd@mp=\dimen291
\Gm@odd@mp=\dimen292
\Gm@even@mp=\dimen293
\Gm@layoutwidth=\dimen294
\Gm@layoutheight=\dimen295
\Gm@layouthoffset=\dimen296
\Gm@layoutvoffset=\dimen297
\Gm@dimlist=\toks44
) (c:/texlive/2022/texmf-dist/tex/latex/lipsum/lipsum.sty (c:/texlive/2022/texmf-dist/tex/latex/l3packages/l3keys2e/l3keys2e.sty (c:/texlive/2022/texmf-dist/tex/latex/l3kernel/expl3.sty
Package: expl3 2023-02-22 L3 programming layer (loader) 
 (c:/texlive/2022/texmf-dist/tex/latex/l3backend/l3backend-pdftex.def
File: l3backend-pdftex.def 2023-01-16 L3 backend support: PDF output (pdfTeX)
\l__color_backend_stack_int=\count347
\l__pdf_internal_box=\box106
))
Package: l3keys2e 2023-02-02 LaTeX2e option processing using LaTeX3 keys
)
Package: lipsum 2021-09-20 v2.7 150 paragraphs of Lorem Ipsum dummy text
\g__lipsum_par_int=\count348
\l__lipsum_a_int=\count349
\l__lipsum_b_int=\count350
 (c:/texlive/2022/texmf-dist/tex/latex/lipsum/lipsum.ltd.tex)) (c:/texlive/2022/texmf-dist/tex/latex/listings/listings.sty
\lst@mode=\count351
\lst@gtempboxa=\box107
\lst@token=\toks45
\lst@length=\count352
\lst@currlwidth=\dimen298
\lst@column=\count353
\lst@pos=\count354
\lst@lostspace=\dimen299
\lst@width=\dimen300
\lst@newlines=\count355
\lst@lineno=\count356
\lst@maxwidth=\dimen301
 (c:/texlive/2022/texmf-dist/tex/latex/listings/lstmisc.sty
File: lstmisc.sty 2023/02/27 1.9 (Carsten Heinz)
\c@lstnumber=\count357
\lst@skipnumbers=\count358
\lst@framebox=\box108
) (c:/texlive/2022/texmf-dist/tex/latex/listings/listings.cfg
File: listings.cfg 2023/02/27 1.9 listings configuration
))
Package: listings 2023/02/27 1.9 (Carsten Heinz)
 (./report.aux)
\openout1 = `report.aux'.

LaTeX Font Info:    Checking defaults for OML/cmm/m/it on input line 62.
LaTeX Font Info:    ... okay on input line 62.
LaTeX Font Info:    Checking defaults for OMS/cmsy/m/n on input line 62.
LaTeX Font Info:    ... okay on input line 62.
LaTeX Font Info:    Checking defaults for OT1/cmr/m/n on input line 62.
LaTeX Font Info:    ... okay on input line 62.
LaTeX Font Info:    Checking defaults for T1/cmr/m/n on input line 62.
LaTeX Font Info:    ... okay on input line 62.
LaTeX Font Info:    Checking defaults for TS1/cmr/m/n on input line 62.
LaTeX Font Info:    ... okay on input line 62.
LaTeX Font Info:    Checking defaults for OMX/cmex/m/n on input line 62.
LaTeX Font Info:    ... okay on input line 62.
LaTeX Font Info:    Checking defaults for U/cmr/m/n on input line 62.
LaTeX Font Info:    ... okay on input line 62.
LaTeX Font Info:    Checking defaults for PD1/pdf/m/n on input line 62.
LaTeX Font Info:    ... okay on input line 62.
LaTeX Font Info:    Checking defaults for PU/pdf/m/n on input line 62.
LaTeX Font Info:    ... okay on input line 62.
 (c:/texlive/2022/texmf-dist/tex/context/base/mkii/supp-pdf.mkii
[Loading MPS to PDF converter (version 2006.09.02).]
\scratchcounter=\count359
\scratchdimen=\dimen302
\scratchbox=\box109
\nofMPsegments=\count360
\nofMParguments=\count361
\everyMPshowfont=\toks46
\MPscratchCnt=\count362
\MPscratchDim=\dimen303
\MPnumerator=\count363
\makeMPintoPDFobject=\count364
\everyMPtoPDFconversion=\toks47
) (c:/texlive/2022/texmf-dist/tex/latex/epstopdf-pkg/epstopdf-base.sty
Package: epstopdf-base 2020-01-24 v2.11 Base part for package epstopdf
Package epstopdf-base Info: Redefining graphics rule for `.eps' on input line 485.
 (c:/texlive/2022/texmf-dist/tex/latex/latexconfig/epstopdf-sys.cfg
File: epstopdf-sys.cfg 2010/07/13 v1.3 Configuration of (r)epstopdf for TeX Live
))
Package hyperref Info: Link coloring OFF on input line 62.
 (./report.out) (./report.out)
\@outlinefile=\write4
\openout4 = `report.out'.


*geometry* driver: auto-detecting
*geometry* detected driver: pdftex
*geometry* verbose mode - [ preamble ] result:
* driver: pdftex
* paper: letterpaper
* layout: <same size as paper>
* layoutoffset:(h,v)=(0.0pt,0.0pt)
* modes: 
* h-part:(L,W,R)=(56.9055pt, 500.484pt, 56.9055pt)
* v-part:(T,H,B)=(56.9055pt, 681.15898pt, 56.9055pt)
* \paperwidth=614.295pt
* \paperheight=794.96999pt
* \textwidth=500.484pt
* \textheight=681.15898pt
* \oddsidemargin=-15.36449pt
* \evensidemargin=-15.36449pt
* \topmargin=-40.36449pt
* \headheight=0.0pt
* \headsep=25.0pt
* \topskip=11.0pt
* \footskip=30.0pt
* \marginparwidth=59.0pt
* \marginparsep=10.0pt
* \columnsep=10.0pt
* \skip\footins=10.0pt plus 4.0pt minus 2.0pt
* \hoffset=0.0pt
* \voffset=0.0pt
* \mag=1000
* \@twocolumnfalse
* \@twosidefalse
* \@mparswitchfalse
* \@reversemarginfalse
* (1in=72.27pt=25.4mm, 1cm=28.453pt)

\c@lstlisting=\count365
<logo.png, id=4, 1204.5pt x 1204.5pt>
File: logo.png Graphic file (type png)
<use logo.png>
Package pdftex.def Info: logo.png  used on input line 71.
(pdftex.def)             Requested size: 56.90189pt x 56.9055pt.

Overfull \hbox (17.0pt too wide) in paragraph at lines 80--81
[][] 
 []

<../outputs/ans1/neutral_eigenface_0.png, id=6, 433.62pt x 289.08pt>
File: ../outputs/ans1/neutral_eigenface_0.png Graphic file (type png)
<use ../outputs/ans1/neutral_eigenface_0.png>
Package pdftex.def Info: ../outputs/ans1/neutral_eigenface_0.png  used on input line 87.
(pdftex.def)             Requested size: 125.12099pt x 83.412pt.
<../outputs/ans1/neutral_eigenface_1.png, id=7, 433.62pt x 289.08pt>
File: ../outputs/ans1/neutral_eigenface_1.png Graphic file (type png)
<use ../outputs/ans1/neutral_eigenface_1.png>
Package pdftex.def Info: ../outputs/ans1/neutral_eigenface_1.png  used on input line 88.
(pdftex.def)             Requested size: 125.12099pt x 83.412pt.
<../outputs/ans1/neutral_eigenface_2.png, id=8, 433.62pt x 289.08pt>
File: ../outputs/ans1/neutral_eigenface_2.png Graphic file (type png)
<use ../outputs/ans1/neutral_eigenface_2.png>
Package pdftex.def Info: ../outputs/ans1/neutral_eigenface_2.png  used on input line 89.
(pdftex.def)             Requested size: 125.12099pt x 83.412pt.
<../outputs/ans1/neutral_eigenface_3.png, id=9, 433.62pt x 289.08pt>
File: ../outputs/ans1/neutral_eigenface_3.png Graphic file (type png)
<use ../outputs/ans1/neutral_eigenface_3.png>
Package pdftex.def Info: ../outputs/ans1/neutral_eigenface_3.png  used on input line 90.
(pdftex.def)             Requested size: 125.12099pt x 83.412pt.
<../outputs/ans1/neutral_eigenface_4.png, id=10, 433.62pt x 289.08pt>
File: ../outputs/ans1/neutral_eigenface_4.png Graphic file (type png)
<use ../outputs/ans1/neutral_eigenface_4.png>
Package pdftex.def Info: ../outputs/ans1/neutral_eigenface_4.png  used on input line 91.
(pdftex.def)             Requested size: 125.12099pt x 83.412pt.
<../outputs/ans1/neutral_eigenface_5.png, id=11, 433.62pt x 289.08pt>
File: ../outputs/ans1/neutral_eigenface_5.png Graphic file (type png)
<use ../outputs/ans1/neutral_eigenface_5.png>
Package pdftex.def Info: ../outputs/ans1/neutral_eigenface_5.png  used on input line 92.
(pdftex.def)             Requested size: 125.12099pt x 83.412pt.
<../outputs/ans1/neutral_eigenface_6.png, id=12, 433.62pt x 289.08pt>
File: ../outputs/ans1/neutral_eigenface_6.png Graphic file (type png)
<use ../outputs/ans1/neutral_eigenface_6.png>
Package pdftex.def Info: ../outputs/ans1/neutral_eigenface_6.png  used on input line 93.
(pdftex.def)             Requested size: 125.12099pt x 83.412pt.
<../outputs/ans1/neutral_eigenface_7.png, id=13, 433.62pt x 289.08pt>
File: ../outputs/ans1/neutral_eigenface_7.png Graphic file (type png)
<use ../outputs/ans1/neutral_eigenface_7.png>
Package pdftex.def Info: ../outputs/ans1/neutral_eigenface_7.png  used on input line 94.
(pdftex.def)             Requested size: 125.12099pt x 83.412pt.
<../outputs/ans1/neutral_eigenface_8.png, id=14, 433.62pt x 289.08pt>
File: ../outputs/ans1/neutral_eigenface_8.png Graphic file (type png)
<use ../outputs/ans1/neutral_eigenface_8.png>
Package pdftex.def Info: ../outputs/ans1/neutral_eigenface_8.png  used on input line 95.
(pdftex.def)             Requested size: 125.12099pt x 83.412pt.
<../outputs/ans1/neutral_eigenface_9.png, id=15, 433.62pt x 289.08pt>
File: ../outputs/ans1/neutral_eigenface_9.png Graphic file (type png)
<use ../outputs/ans1/neutral_eigenface_9.png>
Package pdftex.def Info: ../outputs/ans1/neutral_eigenface_9.png  used on input line 96.
(pdftex.def)             Requested size: 125.12099pt x 83.412pt.
<../outputs/ans1/smile_eigenface_0.png, id=16, 433.62pt x 289.08pt>
File: ../outputs/ans1/smile_eigenface_0.png Graphic file (type png)
<use ../outputs/ans1/smile_eigenface_0.png>
Package pdftex.def Info: ../outputs/ans1/smile_eigenface_0.png  used on input line 103.
(pdftex.def)             Requested size: 125.12099pt x 83.412pt.
<../outputs/ans1/smile_eigenface_1.png, id=17, 433.62pt x 289.08pt>
File: ../outputs/ans1/smile_eigenface_1.png Graphic file (type png)
<use ../outputs/ans1/smile_eigenface_1.png>
Package pdftex.def Info: ../outputs/ans1/smile_eigenface_1.png  used on input line 104.
(pdftex.def)             Requested size: 125.12099pt x 83.412pt.
<../outputs/ans1/smile_eigenface_2.png, id=18, 433.62pt x 289.08pt>
File: ../outputs/ans1/smile_eigenface_2.png Graphic file (type png)
<use ../outputs/ans1/smile_eigenface_2.png>
Package pdftex.def Info: ../outputs/ans1/smile_eigenface_2.png  used on input line 105.
(pdftex.def)             Requested size: 125.12099pt x 83.412pt.
<../outputs/ans1/smile_eigenface_3.png, id=19, 433.62pt x 289.08pt>
File: ../outputs/ans1/smile_eigenface_3.png Graphic file (type png)
<use ../outputs/ans1/smile_eigenface_3.png>
Package pdftex.def Info: ../outputs/ans1/smile_eigenface_3.png  used on input line 106.
(pdftex.def)             Requested size: 125.12099pt x 83.412pt.
<../outputs/ans1/smile_eigenface_4.png, id=20, 433.62pt x 289.08pt>
File: ../outputs/ans1/smile_eigenface_4.png Graphic file (type png)
<use ../outputs/ans1/smile_eigenface_4.png>
Package pdftex.def Info: ../outputs/ans1/smile_eigenface_4.png  used on input line 107.
(pdftex.def)             Requested size: 125.12099pt x 83.412pt.
<../outputs/ans1/smile_eigenface_5.png, id=21, 433.62pt x 289.08pt>
File: ../outputs/ans1/smile_eigenface_5.png Graphic file (type png)
<use ../outputs/ans1/smile_eigenface_5.png>
Package pdftex.def Info: ../outputs/ans1/smile_eigenface_5.png  used on input line 108.
(pdftex.def)             Requested size: 125.12099pt x 83.412pt.
<../outputs/ans1/smile_eigenface_6.png, id=22, 433.62pt x 289.08pt>
File: ../outputs/ans1/smile_eigenface_6.png Graphic file (type png)
<use ../outputs/ans1/smile_eigenface_6.png>
Package pdftex.def Info: ../outputs/ans1/smile_eigenface_6.png  used on input line 109.
(pdftex.def)             Requested size: 125.12099pt x 83.412pt.
<../outputs/ans1/smile_eigenface_7.png, id=23, 433.62pt x 289.08pt>
File: ../outputs/ans1/smile_eigenface_7.png Graphic file (type png)
<use ../outputs/ans1/smile_eigenface_7.png>
Package pdftex.def Info: ../outputs/ans1/smile_eigenface_7.png  used on input line 110.
(pdftex.def)             Requested size: 125.12099pt x 83.412pt.
<../outputs/ans1/smile_eigenface_8.png, id=24, 433.62pt x 289.08pt>
File: ../outputs/ans1/smile_eigenface_8.png Graphic file (type png)
<use ../outputs/ans1/smile_eigenface_8.png>
Package pdftex.def Info: ../outputs/ans1/smile_eigenface_8.png  used on input line 111.
(pdftex.def)             Requested size: 125.12099pt x 83.412pt.
<../outputs/ans1/smile_eigenface_9.png, id=25, 433.62pt x 289.08pt>
File: ../outputs/ans1/smile_eigenface_9.png Graphic file (type png)
<use ../outputs/ans1/smile_eigenface_9.png>
Package pdftex.def Info: ../outputs/ans1/smile_eigenface_9.png  used on input line 112.
(pdftex.def)             Requested size: 125.12099pt x 83.412pt.
[1
Non-PDF special ignored!
<special> header=pstricks.pro
Non-PDF special ignored!
<special> header=pst-algparser.pro
Non-PDF special ignored!
<special> header=pst-tools.pro
Non-PDF special ignored!
<special> header=pst-dots.pro
Non-PDF special ignored!
<special> header=pst-node.pro
Non-PDF special ignored!
<special> header=pst-3d.pro
Non-PDF special ignored!
<special> header=pst-math.pro
Non-PDF special ignored!
<special> header=pstricks-add.pro

Non-PDF special ignored!
<special> ps: /pssetRGBcolor /setrgbcolor load def /pssetCMYKcolor /setcmyk...
Non-PDF special ignored!
<special> ps:tx@Dict begin  gsave STV CP T /ps@rot 0 def grestore  end
Non-PDF special ignored!
<special> ps:tx@Dict begin  gsave STV CP T /ps@refangle 0.  def grestore  e...
Non-PDF special ignored!
<special> ps:0.8 setlinewidth 0 setgray
Non-PDF special ignored!
<special> ps:tx@Dict begin  gsave STV CP T /ps@rot 0 def grestore  end
{c:/texlive/2022/texmf-var/fonts/map/pdftex/updmap/pdftex.map} <./logo.png> <../outputs/ans1/neutral_eigenface_0.png> <../outputs/ans1/neutral_eigenface_1.png> <../outputs/ans1/neutral_eigenface_2.png> <../outputs/ans1/neutral_eigenface_3.png> <../outputs/ans1/neutral_eigenface_4.png> <../outputs/ans1/neutral_eigenface_5.png> <../outputs/ans1/neutral_eigenface_6.png> <../outputs/ans1/neutral_eigenface_7.png> <../outputs/ans1/neutral_eigenface_8.png> <../outputs/ans1/neutral_eigenface_9.png>]
LaTeX Font Info:    Trying to load font information for U+msa on input line 118.
 (c:/texlive/2022/texmf-dist/tex/latex/amsfonts/umsa.fd
File: umsa.fd 2013/01/14 v3.01 AMS symbols A
)
LaTeX Font Info:    Trying to load font information for U+msb on input line 118.
 (c:/texlive/2022/texmf-dist/tex/latex/amsfonts/umsb.fd
File: umsb.fd 2013/01/14 v3.01 AMS symbols B
) [2 <../outputs/ans1/smile_eigenface_0.png> <../outputs/ans1/smile_eigenface_1.png> <../outputs/ans1/smile_eigenface_2.png> <../outputs/ans1/smile_eigenface_3.png> <../outputs/ans1/smile_eigenface_4.png> <../outputs/ans1/smile_eigenface_5.png> <../outputs/ans1/smile_eigenface_6.png> <../outputs/ans1/smile_eigenface_7.png> <../outputs/ans1/smile_eigenface_8.png> <../outputs/ans1/smile_eigenface_9.png>]
<../outputs/ans1/neutral_normalised_eigenvalues.png, id=89, 385.44pt x 248.93pt>
File: ../outputs/ans1/neutral_normalised_eigenvalues.png Graphic file (type png)
<use ../outputs/ans1/neutral_normalised_eigenvalues.png>
Package pdftex.def Info: ../outputs/ans1/neutral_normalised_eigenvalues.png  used on input line 122.
(pdftex.def)             Requested size: 200.19054pt x 129.2886pt.
<../outputs/ans1/smile_normalised_eigenvalues.png, id=90, 385.44pt x 250.9375pt>
File: ../outputs/ans1/smile_normalised_eigenvalues.png Graphic file (type png)
<use ../outputs/ans1/smile_normalised_eigenvalues.png>
Package pdftex.def Info: ../outputs/ans1/smile_normalised_eigenvalues.png  used on input line 123.
(pdftex.def)             Requested size: 200.19054pt x 130.33125pt.
<../outputs/ans1/neutral_singular_values.png, id=91, 433.62pt x 289.08pt>
File: ../outputs/ans1/neutral_singular_values.png Graphic file (type png)
<use ../outputs/ans1/neutral_singular_values.png>
Package pdftex.def Info: ../outputs/ans1/neutral_singular_values.png  used on input line 124.
(pdftex.def)             Requested size: 200.19054pt x 133.4592pt.
<../outputs/ans1/smile_singular_values.png, id=92, 433.62pt x 289.08pt>
File: ../outputs/ans1/smile_singular_values.png Graphic file (type png)
<use ../outputs/ans1/smile_singular_values.png>
Package pdftex.def Info: ../outputs/ans1/smile_singular_values.png  used on input line 125.
(pdftex.def)             Requested size: 200.19054pt x 133.4592pt.
<../outputs/ans2/MSE_neutral.png, id=93, 433.62pt x 289.08pt>
File: ../outputs/ans2/MSE_neutral.png Graphic file (type png)
<use ../outputs/ans2/MSE_neutral.png>
Package pdftex.def Info: ../outputs/ans2/MSE_neutral.png  used on input line 130.
(pdftex.def)             Requested size: 250.24199pt x 166.82841pt.
 [3 <../outputs/ans1/neutral_normalised_eigenvalues.png> <../outputs/ans1/smile_normalised_eigenvalues.png> <../outputs/ans1/neutral_singular_values.png> <../outputs/ans1/smile_singular_values.png> <../outputs/ans2/MSE_neutral.png>]
<../outputs/ans2/PCs_5.png, id=111, 433.62pt x 289.08pt>
File: ../outputs/ans2/PCs_5.png Graphic file (type png)
<use ../outputs/ans2/PCs_5.png>
Package pdftex.def Info: ../outputs/ans2/PCs_5.png  used on input line 139.
(pdftex.def)             Requested size: 200.19054pt x 133.4592pt.
<../outputs/ans2/PCs_10.png, id=112, 433.62pt x 289.08pt>
File: ../outputs/ans2/PCs_10.png Graphic file (type png)
<use ../outputs/ans2/PCs_10.png>
Package pdftex.def Info: ../outputs/ans2/PCs_10.png  used on input line 140.
(pdftex.def)             Requested size: 200.19054pt x 133.4592pt.
<../outputs/ans2/PCs_15.png, id=113, 433.62pt x 289.08pt>
File: ../outputs/ans2/PCs_15.png Graphic file (type png)
<use ../outputs/ans2/PCs_15.png>
Package pdftex.def Info: ../outputs/ans2/PCs_15.png  used on input line 144.
(pdftex.def)             Requested size: 200.19054pt x 133.4592pt.
<../outputs/ans2/PCs_20.png, id=114, 433.62pt x 289.08pt>
File: ../outputs/ans2/PCs_20.png Graphic file (type png)
<use ../outputs/ans2/PCs_20.png>
Package pdftex.def Info: ../outputs/ans2/PCs_20.png  used on input line 145.
(pdftex.def)             Requested size: 200.19054pt x 133.4592pt.
<../outputs/ans2/PCs_25.png, id=115, 433.62pt x 289.08pt>
File: ../outputs/ans2/PCs_25.png Graphic file (type png)
<use ../outputs/ans2/PCs_25.png>
Package pdftex.def Info: ../outputs/ans2/PCs_25.png  used on input line 149.
(pdftex.def)             Requested size: 200.19054pt x 133.4592pt.
<../outputs/ans2/PCs_40.png, id=116, 433.62pt x 289.08pt>
File: ../outputs/ans2/PCs_40.png Graphic file (type png)
<use ../outputs/ans2/PCs_40.png>
Package pdftex.def Info: ../outputs/ans2/PCs_40.png  used on input line 150.
(pdftex.def)             Requested size: 200.19054pt x 133.4592pt.
<../outputs/ans2/PCs_55.png, id=117, 433.62pt x 289.08pt>
File: ../outputs/ans2/PCs_55.png Graphic file (type png)
<use ../outputs/ans2/PCs_55.png>
Package pdftex.def Info: ../outputs/ans2/PCs_55.png  used on input line 154.
(pdftex.def)             Requested size: 200.19054pt x 133.4592pt.
<../outputs/ans2/PCs_70.png, id=118, 433.62pt x 289.08pt>
File: ../outputs/ans2/PCs_70.png Graphic file (type png)
<use ../outputs/ans2/PCs_70.png>
Package pdftex.def Info: ../outputs/ans2/PCs_70.png  used on input line 155.
(pdftex.def)             Requested size: 200.19054pt x 133.4592pt.
<../outputs/ans2/PCs_85.png, id=119, 433.62pt x 289.08pt>
File: ../outputs/ans2/PCs_85.png Graphic file (type png)
<use ../outputs/ans2/PCs_85.png>
Package pdftex.def Info: ../outputs/ans2/PCs_85.png  used on input line 159.
(pdftex.def)             Requested size: 200.19054pt x 133.4592pt.
<../outputs/ans2/PCs_100.png, id=120, 433.62pt x 289.08pt>
File: ../outputs/ans2/PCs_100.png Graphic file (type png)
<use ../outputs/ans2/PCs_100.png>
Package pdftex.def Info: ../outputs/ans2/PCs_100.png  used on input line 160.
(pdftex.def)             Requested size: 200.19054pt x 133.4592pt.
<../outputs/ans3/MSE_smile.png, id=121, 433.62pt x 289.08pt>
File: ../outputs/ans3/MSE_smile.png Graphic file (type png)
<use ../outputs/ans3/MSE_smile.png>
Package pdftex.def Info: ../outputs/ans3/MSE_smile.png  used on input line 169.
(pdftex.def)             Requested size: 250.24199pt x 166.82841pt.
<../outputs/ans3/PCs_5.png, id=122, 433.62pt x 289.08pt>
File: ../outputs/ans3/PCs_5.png Graphic file (type png)
<use ../outputs/ans3/PCs_5.png>
Package pdftex.def Info: ../outputs/ans3/PCs_5.png  used on input line 179.
(pdftex.def)             Requested size: 150.14671pt x 100.09882pt.
<../outputs/ans3/PCs_10.png, id=123, 433.62pt x 289.08pt>
File: ../outputs/ans3/PCs_10.png Graphic file (type png)
<use ../outputs/ans3/PCs_10.png>
Package pdftex.def Info: ../outputs/ans3/PCs_10.png  used on input line 180.
(pdftex.def)             Requested size: 150.14671pt x 100.09882pt.
<../outputs/ans3/PCs_15.png, id=124, 433.62pt x 289.08pt>
File: ../outputs/ans3/PCs_15.png Graphic file (type png)
<use ../outputs/ans3/PCs_15.png>
Package pdftex.def Info: ../outputs/ans3/PCs_15.png  used on input line 184.
(pdftex.def)             Requested size: 150.14671pt x 100.09882pt.
<../outputs/ans3/PCs_20.png, id=125, 433.62pt x 289.08pt>
File: ../outputs/ans3/PCs_20.png Graphic file (type png)
<use ../outputs/ans3/PCs_20.png>
Package pdftex.def Info: ../outputs/ans3/PCs_20.png  used on input line 185.
(pdftex.def)             Requested size: 150.14671pt x 100.09882pt.
<../outputs/ans3/PCs_25.png, id=126, 433.62pt x 289.08pt>
File: ../outputs/ans3/PCs_25.png Graphic file (type png)
<use ../outputs/ans3/PCs_25.png>
Package pdftex.def Info: ../outputs/ans3/PCs_25.png  used on input line 189.
(pdftex.def)             Requested size: 150.14671pt x 100.09882pt.
<../outputs/ans3/PCs_40.png, id=127, 433.62pt x 289.08pt>
File: ../outputs/ans3/PCs_40.png Graphic file (type png)
<use ../outputs/ans3/PCs_40.png>
Package pdftex.def Info: ../outputs/ans3/PCs_40.png  used on input line 190.
(pdftex.def)             Requested size: 150.14671pt x 100.09882pt.
<../outputs/ans3/PCs_55.png, id=128, 433.62pt x 289.08pt>
File: ../outputs/ans3/PCs_55.png Graphic file (type png)
<use ../outputs/ans3/PCs_55.png>
Package pdftex.def Info: ../outputs/ans3/PCs_55.png  used on input line 194.
(pdftex.def)             Requested size: 150.14671pt x 100.09882pt.
<../outputs/ans3/PCs_70.png, id=129, 433.62pt x 289.08pt>
File: ../outputs/ans3/PCs_70.png Graphic file (type png)
<use ../outputs/ans3/PCs_70.png>
Package pdftex.def Info: ../outputs/ans3/PCs_70.png  used on input line 195.
(pdftex.def)             Requested size: 150.14671pt x 100.09882pt.
<../outputs/ans3/PCs_85.png, id=130, 433.62pt x 289.08pt>
File: ../outputs/ans3/PCs_85.png Graphic file (type png)
<use ../outputs/ans3/PCs_85.png>
Package pdftex.def Info: ../outputs/ans3/PCs_85.png  used on input line 199.
(pdftex.def)             Requested size: 150.14671pt x 100.09882pt.
<../outputs/ans3/PCs_100.png, id=131, 433.62pt x 289.08pt>
File: ../outputs/ans3/PCs_100.png Graphic file (type png)
<use ../outputs/ans3/PCs_100.png>
Package pdftex.def Info: ../outputs/ans3/PCs_100.png  used on input line 200.
(pdftex.def)             Requested size: 150.14671pt x 100.09882pt.
 [4 <../outputs/ans2/PCs_5.png> <../outputs/ans2/PCs_10.png> <../outputs/ans2/PCs_15.png> <../outputs/ans2/PCs_20.png>] [5 <../outputs/ans2/PCs_25.png> <../outputs/ans2/PCs_40.png> <../outputs/ans2/PCs_55.png> <../outputs/ans2/PCs_70.png> <../outputs/ans2/PCs_85.png> <../outputs/ans2/PCs_100.png>] [6 <../outputs/ans3/MSE_smile.png> <../outputs/ans3/PCs_5.png> <../outputs/ans3/PCs_10.png> <../outputs/ans3/PCs_15.png> <../outputs/ans3/PCs_20.png> <../outputs/ans3/PCs_25.png> <../outputs/ans3/PCs_40.png>]
<../outputs/ans4/MSE_test_neutral.png, id=184, 433.62pt x 289.08pt>
File: ../outputs/ans4/MSE_test_neutral.png Graphic file (type png)
<use ../outputs/ans4/MSE_test_neutral.png>
Package pdftex.def Info: ../outputs/ans4/MSE_test_neutral.png  used on input line 211.
(pdftex.def)             Requested size: 250.24199pt x 166.82841pt.
 [7 <../outputs/ans4/MSE_test_neutral.png> <../outputs/ans3/PCs_55.png> <../outputs/ans3/PCs_70.png> <../outputs/ans3/PCs_85.png> <../outputs/ans3/PCs_100.png>]
<../outputs/ans4/PCs_neutral_5.png, id=206, 433.62pt x 289.08pt>
File: ../outputs/ans4/PCs_neutral_5.png Graphic file (type png)
<use ../outputs/ans4/PCs_neutral_5.png>
Package pdftex.def Info: ../outputs/ans4/PCs_neutral_5.png  used on input line 222.
(pdftex.def)             Requested size: 150.14671pt x 100.09882pt.
<../outputs/ans4/PCs_neutral_10.png, id=207, 433.62pt x 289.08pt>
File: ../outputs/ans4/PCs_neutral_10.png Graphic file (type png)
<use ../outputs/ans4/PCs_neutral_10.png>
Package pdftex.def Info: ../outputs/ans4/PCs_neutral_10.png  used on input line 223.
(pdftex.def)             Requested size: 150.14671pt x 100.09882pt.
<../outputs/ans4/PCs_neutral_15.png, id=208, 433.62pt x 289.08pt>
File: ../outputs/ans4/PCs_neutral_15.png Graphic file (type png)
<use ../outputs/ans4/PCs_neutral_15.png>
Package pdftex.def Info: ../outputs/ans4/PCs_neutral_15.png  used on input line 227.
(pdftex.def)             Requested size: 150.14671pt x 100.09882pt.
<../outputs/ans4/PCs_neutral_20.png, id=209, 433.62pt x 289.08pt>
File: ../outputs/ans4/PCs_neutral_20.png Graphic file (type png)
<use ../outputs/ans4/PCs_neutral_20.png>
Package pdftex.def Info: ../outputs/ans4/PCs_neutral_20.png  used on input line 228.
(pdftex.def)             Requested size: 150.14671pt x 100.09882pt.
<../outputs/ans4/PCs_neutral_25.png, id=210, 433.62pt x 289.08pt>
File: ../outputs/ans4/PCs_neutral_25.png Graphic file (type png)
<use ../outputs/ans4/PCs_neutral_25.png>
Package pdftex.def Info: ../outputs/ans4/PCs_neutral_25.png  used on input line 232.
(pdftex.def)             Requested size: 150.14671pt x 100.09882pt.
<../outputs/ans4/PCs_neutral_40.png, id=211, 433.62pt x 289.08pt>
File: ../outputs/ans4/PCs_neutral_40.png Graphic file (type png)
<use ../outputs/ans4/PCs_neutral_40.png>
Package pdftex.def Info: ../outputs/ans4/PCs_neutral_40.png  used on input line 233.
(pdftex.def)             Requested size: 150.14671pt x 100.09882pt.
<../outputs/ans4/PCs_neutral_55.png, id=212, 433.62pt x 289.08pt>
File: ../outputs/ans4/PCs_neutral_55.png Graphic file (type png)
<use ../outputs/ans4/PCs_neutral_55.png>
Package pdftex.def Info: ../outputs/ans4/PCs_neutral_55.png  used on input line 237.
(pdftex.def)             Requested size: 150.14671pt x 100.09882pt.
<../outputs/ans4/PCs_neutral_70.png, id=213, 433.62pt x 289.08pt>
File: ../outputs/ans4/PCs_neutral_70.png Graphic file (type png)
<use ../outputs/ans4/PCs_neutral_70.png>
Package pdftex.def Info: ../outputs/ans4/PCs_neutral_70.png  used on input line 238.
(pdftex.def)             Requested size: 150.14671pt x 100.09882pt.
<../outputs/ans4/PCs_neutral_85.png, id=214, 433.62pt x 289.08pt>
File: ../outputs/ans4/PCs_neutral_85.png Graphic file (type png)
<use ../outputs/ans4/PCs_neutral_85.png>
Package pdftex.def Info: ../outputs/ans4/PCs_neutral_85.png  used on input line 242.
(pdftex.def)             Requested size: 150.14671pt x 100.09882pt.
<../outputs/ans4/PCs_neutral_100.png, id=215, 433.62pt x 289.08pt>
File: ../outputs/ans4/PCs_neutral_100.png Graphic file (type png)
<use ../outputs/ans4/PCs_neutral_100.png>
Package pdftex.def Info: ../outputs/ans4/PCs_neutral_100.png  used on input line 243.
(pdftex.def)             Requested size: 150.14671pt x 100.09882pt.
<../outputs/ans4/MSE_test_smile.png, id=216, 433.62pt x 289.08pt>
File: ../outputs/ans4/MSE_test_smile.png Graphic file (type png)
<use ../outputs/ans4/MSE_test_smile.png>
Package pdftex.def Info: ../outputs/ans4/MSE_test_smile.png  used on input line 253.
(pdftex.def)             Requested size: 250.24199pt x 166.82841pt.
 [8 <../outputs/ans4/PCs_neutral_5.png> <../outputs/ans4/PCs_neutral_10.png> <../outputs/ans4/PCs_neutral_15.png> <../outputs/ans4/PCs_neutral_20.png>] [9 <../outputs/ans4/MSE_test_smile.png> <../outputs/ans4/PCs_neutral_25.png> <../outputs/ans4/PCs_neutral_40.png> <../outputs/ans4/PCs_neutral_55.png> <../outputs/ans4/PCs_neutral_70.png> <../outputs/ans4/PCs_neutral_85.png> <../outputs/ans4/PCs_neutral_100.png>]
<../outputs/ans4/PCs_smile_5.png, id=257, 433.62pt x 289.08pt>
File: ../outputs/ans4/PCs_smile_5.png Graphic file (type png)
<use ../outputs/ans4/PCs_smile_5.png>
Package pdftex.def Info: ../outputs/ans4/PCs_smile_5.png  used on input line 264.
(pdftex.def)             Requested size: 150.14671pt x 100.09882pt.
<../outputs/ans4/PCs_smile_10.png, id=258, 433.62pt x 289.08pt>
File: ../outputs/ans4/PCs_smile_10.png Graphic file (type png)
<use ../outputs/ans4/PCs_smile_10.png>
Package pdftex.def Info: ../outputs/ans4/PCs_smile_10.png  used on input line 265.
(pdftex.def)             Requested size: 150.14671pt x 100.09882pt.
<../outputs/ans4/PCs_smile_15.png, id=259, 433.62pt x 289.08pt>
File: ../outputs/ans4/PCs_smile_15.png Graphic file (type png)
<use ../outputs/ans4/PCs_smile_15.png>
Package pdftex.def Info: ../outputs/ans4/PCs_smile_15.png  used on input line 266.
(pdftex.def)             Requested size: 150.14671pt x 100.09882pt.
<../outputs/ans4/PCs_smile_20.png, id=260, 433.62pt x 289.08pt>
File: ../outputs/ans4/PCs_smile_20.png Graphic file (type png)
<use ../outputs/ans4/PCs_smile_20.png>
Package pdftex.def Info: ../outputs/ans4/PCs_smile_20.png  used on input line 267.
(pdftex.def)             Requested size: 150.14671pt x 100.09882pt.
<../outputs/ans4/PCs_smile_25.png, id=261, 433.62pt x 289.08pt>
File: ../outputs/ans4/PCs_smile_25.png Graphic file (type png)
<use ../outputs/ans4/PCs_smile_25.png>
Package pdftex.def Info: ../outputs/ans4/PCs_smile_25.png  used on input line 271.
(pdftex.def)             Requested size: 150.14671pt x 100.09882pt.
<../outputs/ans4/PCs_smile_40.png, id=262, 433.62pt x 289.08pt>
File: ../outputs/ans4/PCs_smile_40.png Graphic file (type png)
<use ../outputs/ans4/PCs_smile_40.png>
Package pdftex.def Info: ../outputs/ans4/PCs_smile_40.png  used on input line 272.
(pdftex.def)             Requested size: 150.14671pt x 100.09882pt.
<../outputs/ans4/PCs_smile_55.png, id=263, 433.62pt x 289.08pt>
File: ../outputs/ans4/PCs_smile_55.png Graphic file (type png)
<use ../outputs/ans4/PCs_smile_55.png>
Package pdftex.def Info: ../outputs/ans4/PCs_smile_55.png  used on input line 273.
(pdftex.def)             Requested size: 150.14671pt x 100.09882pt.
<../outputs/ans4/PCs_smile_70.png, id=264, 433.62pt x 289.08pt>
File: ../outputs/ans4/PCs_smile_70.png Graphic file (type png)
<use ../outputs/ans4/PCs_smile_70.png>
Package pdftex.def Info: ../outputs/ans4/PCs_smile_70.png  used on input line 274.
(pdftex.def)             Requested size: 150.14671pt x 100.09882pt.
<../outputs/ans4/PCs_smile_85.png, id=265, 433.62pt x 289.08pt>
File: ../outputs/ans4/PCs_smile_85.png Graphic file (type png)
<use ../outputs/ans4/PCs_smile_85.png>
Package pdftex.def Info: ../outputs/ans4/PCs_smile_85.png  used on input line 275.
(pdftex.def)             Requested size: 150.14671pt x 100.09882pt.
<../outputs/ans4/PCs_smile_100.png, id=266, 433.62pt x 289.08pt>
File: ../outputs/ans4/PCs_smile_100.png Graphic file (type png)
<use ../outputs/ans4/PCs_smile_100.png>
Package pdftex.def Info: ../outputs/ans4/PCs_smile_100.png  used on input line 276.
(pdftex.def)             Requested size: 150.14671pt x 100.09882pt.
 [10 <../outputs/ans4/PCs_smile_5.png> <../outputs/ans4/PCs_smile_10.png> <../outputs/ans4/PCs_smile_15.png> <../outputs/ans4/PCs_smile_20.png> <../outputs/ans4/PCs_smile_25.png> <../outputs/ans4/PCs_smile_40.png> <../outputs/ans4/PCs_smile_55.png> <../outputs/ans4/PCs_smile_70.png> <../outputs/ans4/PCs_smile_85.png> <../outputs/ans4/PCs_smile_100.png>] [11]
<../outputs/ans5/mislabel_0.png, id=312, 361.35pt x 1084.05pt>
File: ../outputs/ans5/mislabel_0.png Graphic file (type png)
<use ../outputs/ans5/mislabel_0.png>
Package pdftex.def Info: ../outputs/ans5/mislabel_0.png  used on input line 305.
(pdftex.def)             Requested size: 150.14671pt x 450.43477pt.
<../outputs/ans5/mislabel_1.png, id=313, 361.35pt x 1084.05pt>
File: ../outputs/ans5/mislabel_1.png Graphic file (type png)
<use ../outputs/ans5/mislabel_1.png>
Package pdftex.def Info: ../outputs/ans5/mislabel_1.png  used on input line 306.
(pdftex.def)             Requested size: 150.14671pt x 450.43477pt.
<../outputs/ans5/mislabel_2.png, id=314, 361.35pt x 1084.05pt>
File: ../outputs/ans5/mislabel_2.png Graphic file (type png)
<use ../outputs/ans5/mislabel_2.png>
Package pdftex.def Info: ../outputs/ans5/mislabel_2.png  used on input line 307.
(pdftex.def)             Requested size: 150.14671pt x 450.43477pt.
 [12 <../outputs/ans5/mislabel_0.png> <../outputs/ans5/mislabel_1.png> <../outputs/ans5/mislabel_2.png>] [13] (./report.aux)
Package rerunfilecheck Info: File `report.out' has not changed.
(rerunfilecheck)             Checksum: D41D8CD98F00B204E9800998ECF8427E;0.
 ) 
Here is how much of TeX's memory you used:
 22737 strings out of 476024
 394472 string characters out of 5794017
 1863382 words of memory out of 5000000
 42647 multiletter control sequences out of 15000+600000
 518752 words of font info for 56 fonts, out of 8000000 for 9000
 1141 hyphenation exceptions out of 8191
 90i,7n,86p,1256b,582s stack positions out of 10000i,1000n,20000p,200000b,200000s
<c:/texlive/2022/texmf-dist/fonts/type1/public/amsfonts/cm/cmbx10.pfb><c:/texlive/2022/texmf-dist/fonts/type1/public/amsfonts/cm/cmbx12.pfb><c:/texlive/2022/texmf-dist/fonts/type1/public/amsfonts/cm/cmmi10.pfb><c:/texlive/2022/texmf-dist/fonts/type1/public/amsfonts/cm/cmmi8.pfb><c:/texlive/2022/texmf-dist/fonts/type1/public/amsfonts/cm/cmr10.pfb><c:/texlive/2022/texmf-dist/fonts/type1/public/amsfonts/cm/cmr9.pfb><c:/texlive/2022/texmf-dist/fonts/type1/public/amsfonts/cm/cmsy10.pfb>
Output written on report.pdf (13 pages, 4084778 bytes).
PDF statistics:
 402 PDF objects out of 1000 (max. 8388607)
 224 compressed objects within 3 object streams
 136 named destinations out of 1000 (max. 500000)
 373 words of extra memory for PDF output out of 10000 (max. 10000000)

